<?xml version="1.0" encoding="UTF-8"?>
<testsuite name="ru.netology.springdemoboot.SpringDemoBootApplicationTests" tests="1" skipped="0" failures="0" errors="0" timestamp="2024-09-26T12:49:31" hostname="KIRIRUN4" time="1.999">
  <properties/>
  <testcase name="contextLoads()" classname="ru.netology.springdemoboot.SpringDemoBootApplicationTests" time="1.999"/>
  <system-out><![CDATA[16:49:28.248 [Test worker] INFO org.springframework.test.context.support.AnnotationConfigContextLoaderUtils -- Could not detect default configuration classes for test class [ru.netology.springdemoboot.SpringDemoBootApplicationTests]: SpringDemoBootApplicationTests does not declare any static, non-private, non-final, nested classes annotated with @Configuration.
16:49:28.364 [Test worker] INFO org.springframework.boot.test.context.SpringBootTestContextBootstrapper -- Found @SpringBootConfiguration ru.netology.springdemoboot.SpringDemoBootApplication for test class ru.netology.springdemoboot.SpringDemoBootApplicationTests

  .   ____          _            __ _ _
 /\\ / ___'_ __ _ _(_)_ __  __ _ \ \ \ \
( ( )\___ | '_ | '_| | '_ \/ _` | \ \ \ \
 \\/  ___)| |_)| | | | | || (_| |  ) ) ) )
  '  |____| .__|_| |_|_| |_\__, | / / / /
 =========|_|==============|___/=/_/_/_/
 :: Spring Boot ::                (v3.1.0)

2024-09-26T16:49:28.893+04:00  INFO 2372 --- [    Test worker] r.n.s.SpringDemoBootApplicationTests     : Starting SpringDemoBootApplicationTests using Java 21.0.3 with PID 2372 (started by kiril in C:\Users\kiril\IdeaProjects\java-hw\SpringBoot-Deployment-Infrastructure\task1)
2024-09-26T16:49:28.897+04:00  INFO 2372 --- [    Test worker] r.n.s.SpringDemoBootApplicationTests     : No active profile set, falling back to 1 default profile: "default"
2024-09-26T16:49:31.058+04:00  INFO 2372 --- [    Test worker] o.s.b.a.e.web.EndpointLinksResolver      : Exposing 1 endpoint(s) beneath base path '/actuator'
2024-09-26T16:49:31.128+04:00  INFO 2372 --- [    Test worker] r.n.s.SpringDemoBootApplicationTests     : Started SpringDemoBootApplicationTests in 2.588 seconds (process running for 4.25)
]]></system-out>
  <system-err><![CDATA[WARNING: A Java agent has been loaded dynamically (C:\Users\kiril\.gradle\caches\modules-2\files-2.1\net.bytebuddy\byte-buddy-agent\1.14.4\3bf5ac1104554908cc623e40e58a00be37c35f36\byte-buddy-agent-1.14.4.jar)
WARNING: If a serviceability tool is in use, please run with -XX:+EnableDynamicAgentLoading to hide this warning
WARNING: If a serviceability tool is not in use, please run with -Djdk.instrument.traceUsage for more information
WARNING: Dynamic loading of agents will be disallowed by default in a future release
]]></system-err>
</testsuite>
